26 0 184 164 7 294 162 260 285 156 96 174 239 282 3 170 48 101 131 98 223 55 71 126 272 84 257
29 167 296 249 159 127 15 63 79 245 230 128 146 254 121 117 195 89 90 235 201 205 292 141 206 279 94 169 274 183
26 168 41 212 148 276 227 56 38 213 224 284 185 82 111 73 42 119 112 242 145 297 231 262 240 49 132
28 180 85 203 95 225 187 57 200 232 188 29 40 241 26 207 197 237 76 25 35 78 104 155 154 229 208 149 130
24 216 88 259 136 290 198 226 21 28 217 271 61 160 23 6 83 124 238 31 106 288 97 1 151
22 65 103 75 137 74 60 129 91 102 202 68 11 269 10 287 196 142 228 233 178 52 173
25 36 116 80 246 220 58 218 18 113 277 214 204 209 191 22 140 283 16 266 67 176 251 256 211 2
24 234 110 72 24 13 273 263 261 166 39 244 295 27 147 93 118 5 20 51 152 215 69 153 175
22 221 8 286 133 150 125 53 32 222 64 158 253 114 70 139 255 265 252 47 143 77 165
20 34 275 4 299 210 92 144 267 281 14 50 298 163 138 181 12 59 37 189 247
16 108 134 193 107 19 172 122 268 236 177 81 219 182 43 186 135
14 54 62 105 44 157 243 190 248 250 192 100 120 194 9
12 33 161 171 86 109 45 264 280 17 30 270 293
6 87 258 291 289 46 278
5 179 199 115 66 123
1 99
0
0
0
0
0
0
0
0
0
0
0
0
0
0
0
0
0
0
0
0
0
0
0
0
0
0
0
0
0
0
0
0
0
0
0
0
0
0
0
0
0
0
0
0
0
0
0
0
0
0
0
0
0
0
0
0
0
0
0
0
0
0
0
0
0
0
0
0
0
0
0
0
0
0
0
0
0
0
0
0
0
0
0
0
