21 2735 1335 6663 4143 6916 6228 5868 1866 741 6658 7114 2718 5284 3242 6153 7992 5057 611 4490 7953 6487
30 6689 6466 3549 8962 7109 8274 9180 4643 715 1407 1248 6163 6932 3811 9611 6764 7788 7651 3570 5427 1395 8966 6104 2933 3198 995 5138 5545 6505 3984
30 3090 7429 7499 5716 7401 622 4214 1066 1273 271 4693 3170 1803 7483 1885 7449 2903 5850 5951 9342 8972 8900 3492 6968 8684 3899 5230 5499 8375 6675
11 1209 7928 4307 6381 9563 7028 9052 2784 3608 5352 7773
23 5018 8878 580 7846 9190 5006 823 6475 6662 2314 2368 3086 2088 2394 7566 9793 8036 1425 603 3558 5842 1452 6690
18 9313 2356 4637 2559 585 5424 2313 7455 1353 9670 864 1651 1421 8088 8397 7304 4817 8046
15 2519 7957 474 4842 1560 7329 8728 4546 6558 318 313 3936 7813 9921 4614
26 549 6541 1724 7862 3119 6669 7014 4406 5042 7849 5180 1182 4629 4898 974 1152 2493 3642 3587 9296 4745 5889 9067 390 6991 3286
22 4525 8773 7940 6352 1967 9043 1501 1448 614 7396 6431 1011 312 3244 3609 1824 7744 7261 9756 1064 2704 1619
33 5934 4618 8758 3430 7709 9527 219 1693 9353 9246 709 2076 751 6089 8307 5999 4893 3290 7351 2875 5372 7294 4210 4191 1107 2692 294 4460 5625 4901 2243 2750 2165
26 4679 1949 3565 5170 3759 8348 5250 7065 5317 1533 7292 771 2047 9279 149 1116 3273 9434 5741 8633 1698 8267 6606 6715 7489 4095
39 88 5497 187 6198 4058 7929 6199 7140 6493 8406 6849 5034 113 1838 7379 4965 4714 1531 4343 4357 4009 6674 2279 7385 1780 4582 94 7974 8153 420 3125 9467 8626 5364 759 6461 4350 1360 4732
25 2465 3307 2135 5769 6039 7926 8228 2808 2438 683 9408 2495 434 6146 613 9798 8132 5897 3681 4473 9850 1404 1576 2457 2253
34 519 1776 8950 8489 5304 567 2917 2695 9402 7471 3294 9951 3249 2904 3029 7282 8189 607 3215 7043 1561 6251 7653 5416 9524 2825 1936 31 2007 3185 4760 6944 2318 1653
25 4309 9325 7965 2432 9679 8520 8086 8459 7398 3067 961 6418 3368 6454 4016 6425 1735 364 9750 1262 3792 3884 707 4023 4865
7 5970 672 6031 7097 1817 4476 2563
35 5324 713 2986 7799 6724 2944 9636 493 4815 2320 2061 6480 8237 4930 5582 7718 6733 8498 9318 3247 2400 8905 3186 7022 5916 123 1419 8818 2985 6136 8221 6761 8716 3679 8499
18 4839 6277 1543 677 6695 3743 606 3607 8204 489 7108 7113 4853 2541 8753 5410 3665 4936
22 719 1977 6956 2635 2738 7643 5619 9130 2769 3305 4211 541 1218 2923 5804 2732 5832 2851 6520 556 2070 9451
18 423 4008 2720 1135 9231 2654 8051 4454 6267 6773 1877 54 2361 1662 587 1809 6191 4310
18 9504 984 7313 5805 6103 706 4030 8061 7369 4444 7165 8197 4766 7989 1157 144 3033 4783
21 2581 5858 6609 9136 7106 9541 7966 738 1183 4215 2149 7785 5595 5010 7878 4236 3417 5011 1173 9759 4474
42 5335 8175 5445 2247 3555 9291 2316 3276 7993 6740 5377 3865 3403 6307 6357 782 419 8020 708 442 5724 8904 5730 4457 9480 3152 3843 1781 9783 7354 6709 8738 6443 4110 9727 9257 8048 6158 8908 562 4568 840
42 4758 3817 2576 2941 5299 3371 4687 1113 3168 4635 4387 1013 166 7840 7665 1365 9132 7883 9799 3462 6987 4888 6605 5329 2033 9103 1383 7939 3594 4773 3506 3237 3099 5288 9605 324 1333 7382 2816 4600 1892 1507
23 3580 8102 3655 8731 6877 1489 9267 9890 6786 3138 8637 8715 3291 1416 2966 2534 2046 299 8790 1258 3730 994 7649
24 9256 6189 5885 8040 85 7891 2343 5957 3761 6366 4856 4985 5133 9945 7411 454 3206 7593 7027 21 9048 7182 8013 729
28 6252 9109 5491 7682 2241 3261 4219 3575 6407 1583 4330 9113 8911 8199 6556 4235 6687 87 2392 9088 3441 8322 644 7781 7450 7568 6492 2090
39 1867 9675 8395 920 4742 6780 157 9207 7889 5237 6952 6831 5049 8254 1588 8029 9199 9075 4404 2422 5511 3116 9754 9919 851 8927 8554 2150 3977 4997 4751 8500 9438 7221 163 8891 1542 4747 7509
10 6822 7070 8840 8420 5649 3475 1860 5457 1048 1339
25 1178 1111 9604 4958 9487 9920 4154 3532 5487 5909 3330 5019 7886 4403 2909 8349 8142 8110 9061 1643 9568 818 4305 7192 231
4 8890 1411 6801 7678
19 3055 8477 9121 6793 1331 3582 8476 4738 6696 7089 3084 7358 5355 3871 7485 4022 1680 1293 6934
32 6002 4855 4059 5300 9550 3468 8324 596 1369 4327 8030 6446 2118 9874 5039 6000 8624 4400 4565 1342 5326 3515 5190 5438 5768 667 2905 4697 3383 7059 7264 8942
18 8292 9449 2031 7435 2036 1352 5779 7466 4937 2693 1393 5715 1027 6384 4553 8100 9854 3517
36 7475 5086 1315 268 9084 6654 2774 8736 7088 7561 5971 6580 1686 5156 6584 8504 74 7305 6359 8843 720 4032 3962 9428 1959 262 573 2945 953 4122 548 4189 7024 1575 7603 4192
19 5235 3988 5341 3692 6815 9733 8559 3471 9852 726 4071 1524 9633 5054 9345 9845 3770 2324 1880
36 9409 2883 7956 117 5161 8509 3025 9685 6656 9820 9976 8629 1260 2589 4450 1879 2240 4003 8383 7769 2756 3356 2796 2189 8475 6495 2666 281 2650 1703 3359 3771 304 9891 5718 1185
20 2920 2015 211 881 8542 7372 6896 2455 9810 4029 6619 3285 8638 3315 2155 8931 6701 4598 4075 9049
37 4094 1097 5860 273 769 3167 8564 6044 789 7314 1640 8902 951 4384 3354 9089 2745 4787 8440 5556 714 3231 2274 7082 3684 4612 7897 2097 2655 8240 2879 3526 3715 4501 3586 7288 2321
12 3629 1305 8670 9579 6363 3604 3766 8971 7184 3020 6349 4374
33 9752 3869 311 5954 3451 4497 6741 6034 4064 4871 9187 8244 6460 3915 7189 1989 4212 7652 9592 2334 4237 9076 9193 4813 5047 6918 9115 5408 6964 9334 2185 5415 8674
17 6670 29 3149 1815 9698 3564 9305 7141 6412 5343 3005 6164 5562 3338 894 4301 7641
28 1757 7952 3030 6767 6901 6900 7186 8739 109 6420 4867 7631 1792 8989 1902 3615 9492 5699 9186 3809 6281 8648 1654 3023 2843 9354 632 4425
39 5440 6961 8675 4601 4346 6783 9020 3546 9003 3855 7229 6269 1674 8346 4794 8521 6053 8614 4940 1324 1913 4150 9322 7205 1255 9949 6416 7340 3387 3081 3504 171 9308 8602 4272 6335 8888 5563 7133
38 9514 222 2571 2008 4788 1227 658 9864 208 4101 4656 7103 7811 5452 5708 8550 7507 2501 6176 2861 7949 6171 3844 9594 2621 6231 38 8491 6510 5328 4769 9616 8802 185 5707 2806 6993 4185
10 563 8973 560 4481 2187 8303 446 12 9753 4662
15 7657 4494 4894 7227 7671 8810 6230 5623 7828 2623 3107 1226 5476 9206 452
20 8708 4435 9619 9626 8698 6263 9649 7013 8394 4517 5544 1878 9794 1726 1909 2363 8337 391 6853 8012
12 7270 9763 9843 3876 2873 7753 8162 2073 4057 4492 4484 2853
32 9847 9283 9581 2327 3457 6843 666 2184 9018 1443 2335 3079 1982 670 9039 8366 8525 1171 4459 2139 8140 6759 8907 3098 9307 4188 1822 2880 4922 7964 5125 1120
16 1900 1005 9979 957 5693 5027 1323 3176 2942 4537 6473 8823 3512 4017 5553 2486
13 9913 502 846 1634 267 2831 5267 3439 3760 6644 2030 9196 4332
25 4078 3444 700 4066 4536 1438 3239 1406 1852 6457 5213 6404 9137 2123 2425 2212 2533 9398 2795 1659 5555 755 3733 3633 5434
18 8310 9888 7040 8703 4495 8179 1414 7687 5381 1625 3358 3246 4994 9301 7337 480 6976 5665
33 7005 9216 6160 2278 2233 1384 696 1973 5815 8743 2978 6290 3893 4312 4550 2739 2749 9491 3001 5353 3978 9323 9875 4518 2259 3595 2188 7374 3562 8744 4277 6997 2210
32 303 7463 1138 7399 3281 9935 9411 2426 4194 9128 8021 448 3830 146 9819 2250 4352 7153 6174 9399 340 5791 2034 4265 8877 731 195 5454 79 1086 868 8171
15 9707 3578 6630 8079 3829 233 7291 9040 4337 869 7302 5900 7606 5456 4129
16 7861 372 3103 2912 3253 1888 8484 8965 3767 6382 532 389 5272 6889 1594 8607
30 5192 7913 5359 849 6927 3531 2333 6279 9980 7770 3754 4566 112 3351 7498 4082 7003 8248 6050 5030 5197 1526 6700 5095 7402 3819 5547 9391 7615 2746
17 7936 2026 8219 24 6255 1863 7933 671 3807 7287 5182 2523 8785 2817 3818 2325 5903
9 3696 9392 821 1630 4623 8421 4398 280 9287
21 4377 8518 734 4948 9503 6450 8713 7574 5887 1252 5748 6270 9458 4285 3566 9647 1308 5564 6056 8969 6960
22 2949 4379 1993 1269 1773 409 5626 6327 7347 6397 6432 4218 8625 9807 4183 3094 3456 5339 8980 7906 9250 2628
17 3442 7119 19 7716 8345 8569 8224 7590 2002 5784 6390 1552 5130 1801 7696 8044 4542
16 5137 5756 5678 6380 1338 5702 2641 7086 7779 4052 3488 1408 4695 325 7002 2223
15 6403 4475 1613 853 8800 6705 4164 2355 4170 4802 7912 9983 8025 8074 6527
18 3156 9393 2020 7640 2418 9021 1548 4509 1187 3040 6568 7955 2287 1290 1958 2252 8947 1374
5 2384 7194 7832 2740 5059
10 1515 1040 7468 712 6464 3413 7742 6400 5354 7472
8 1992 297 5402 8787 8302 7210 8967 7376
19 6807 8640 7877 3647 5384 6532 2994 8469 6760 6640 1049 5209 6731 3280 7290 648 6242 8311 8163
19 2009 4829 5382 1587 5878 3509 8749 1217 8109 4912 1166 286 4251 8778 8060 7786 781 3234 6610
18 375 8342 7293 1784 6485 7711 1192 6274 7127 8114 8572 4324 1691 5961 392 1207 1972 4348
32 8329 1105 1245 1601 5234 6316 8209 5400 6155 4074 774 744 5670 2156 4336 5630 6691 5938 4619 7526 9157 571 9885 7708 5568 5989 3447 8156 2257 2521 6770 1510
26 837 3693 8587 1512 6913 4984 1272 2937 8882 3721 4202 8597 7245 3278 3685 9837 4470 8687 6043 8839 914 4552 4535 6878 8577 1626
26 84 445 4090 61 9901 6649 739 1874 2209 3370 2246 6581 2715 3379 4397 7914 8052 5660 7426 7624 4005 8452 3337 5508 1202 3797
20 9140 1528 1563 3325 6818 3906 8111 7139 1606 331 1788 5524 5493 7436 1076 2294 9940 5543 2671 1288
16 6706 3654 1325 40 1976 7798 3000 4971 4963 8558 4983 5883 8762 3229 7356 2307
15 203 1670 7817 2789 8027 6623 5755 9639 1682 6830 6524 3440 910 3688 4778
27 5717 5902 554 6965 4208 3951 9473 8783 513 4196 4882 5698 1655 6503 3263 3477 7248 482 8876 1391 3165 7006 865 1513 1787 8788 1559
33 48 610 4056 8213 6502 2531 7156 5808 8449 7129 9463 4255 9182 4880 6601 9561 2132 1179 3062 2557 3940 509 3293 5094 6511 1706 8946 4363 7917 5977 5439 6693 3035
16 768 3311 4648 3409 7585 9925 6980 8822 6720 8533 804 2823 8082 5325 6112 888
21 2869 8578 2480 9341 6567 6548 3300 2552 7842 2242 4810 3503 6632 5144 9203 4741 1935 9993 2227 4354 6828
20 6115 1833 1664 4098 9523 3667 6139 817 9974 7864 457 7373 4233 9804 4673 4376 1580 9297 993 7110
14 568 2429 5222 2507 55 6321 3536 5687 2145 9269 5912 7123 7611 4177
39 1978 7064 5406 1609 3236 4428 7230 2401 8425 9805 4661 7637 5535 5818 3579 3602 7180 7191 643 4686 9872 7971 7857 3299 5357 3982 4263 2741 5608 3507 4998 8669 6035 7391 3214 5806 4972 6285 5538
35 5598 3008 8458 1024 7198 2512 2915 977 1835 2857 1564 9574 3789 7865 52 2505 9012 659 1846 6167 1302 819 7328 1337 5165 2063 6594 3662 2786 1514 6246 1851 2202 9532 3664
6 583 8184 2128 4347 7316 6190
14 6456 2176 8231 1765 4380 1720 2612 5936 6057 2175 1056 630 3064 9387
9 6424 1194 5282 7020 1326 3038 6068 2570 2573
17 5245 5393 3197 4184 5507 2717 2110 7562 7081 6238 5141 4564 7350 4570 2488 8226 1731
35 7911 8932 9405 2536 9996 9666 9412 8198 5710 1054 3833 5917 5263 1859 9177 9381 8598 8291 5097 9221 9964 9571 640 9908 4175 9953 960 8180 5750 3254 1696 8777 4303 8606 9499
18 7318 6912 5008 9981 3663 8546 4144 2443 4333 3917 201 8341 7476 6193 1663 5647 2271 4795
20 6633 8271 8711 867 5045 8494 3657 9652 4221 6726 8245 1322 2310 2373 7348 1661 5874 8880 3277 8238
23 4586 3333 6745 6173 7263 2388 5875 5514 601 3606 4055 2568 1029 9941 6243 9539 3145 1 7068 9648 9781 9448 3111
3 4644 3539 5653
18 6694 3049 9347 1372 9406 6159 4467 8493 8807 7907 5101 6951 4870 9170 8513 153 2229 6018
13 6361 5881 3321 3774 5570 2844 1730 1205 418 9726 4239 9309 8874
12 6607 9090 7319 6529 8915 9654 873 174 8235 3956 1115 7968
17 3410 5227 3918 9985 9011 2731 8681 559 1529 884 9533 229 8825 9690 8168 1732 5294
10 2828 3245 5991 5475 1292 547 2827 2460 2719 3288
36 1794 2603 8149 3990 1530 477 2539 3540 1908 417 9046 4764 8290 8160 4278 1121 8419 6728 6436 4634 3981 3163 8026 8574 3392 9332 9036 5980 3431 8183 4077 2475 3002 2353 6559 7586
14 394 7810 1883 1605 4781 4885 2742 3773 2511 306 6521 8461 9277 4779
20 7188 5218 2424 3697 5948 3208 6110 3147 3490 4879 8571 7359 1377 5110 9938 2785 4650 2625 2862 124
35 1332 4877 2714 7357 8262 2357 206 47 6360 3947 6836 2982 9171 7309 6280 1460 1415 645 4669 6106 8540 7588 1459 4603 7199 5863 9423 1385 3301 7168 1259 6323 5461 3080 8712
8 1447 1492 9166 2736 4811 3690 9915 7459
13 2296 5727 1170 3596 9452 7948 932 4118 2376 4319 6702 4399 8543
37 6794 3257 4112 6752 3334 2787 9705 9546 6498 6749 2600 7576 8277 2140 9822 3970 1598 5135 2341 1819 7819 6083 7875 8018 6926 9825 238 4316 7454 3864 9600 4916 592 7152 3656 6750 3897
10 3708 8998 5959 4690 4453 4845 6790 4176 4513 7147
8 8227 1582 7981 810 60 3140 7239 6935
9 3527 7325 362 8523 6302 9290 4683 7784 3762
12 4873 2297 6910 8918 6856 6920 8099 9073 8390 7806 2535 2265
10 8630 1228 8376 3640 9965 248 439 95 9680 3202
30 5615 4706 6123 5112 945 5517 2143 9926 7465 8447 4666 2119 9138 39 816 9734 3150 4043 7187 684 1092 1028 8234 6614 1744 4271 9123 6545 3713 9860
29 1637 6135 7704 8848 6851 5332 9072 399 2884 1417 3660 2841 9490 5271 2484 9119 6406 7371 7545 7083 1490 2192 4445 7032 3543 7831 9311 4962 9766
35 190 5387 8158 874 9768 2791 2975 6430 5829 2482 9262 2967 8970 3191 2059 5268 2086 6727 4768 3428 6813 4340 9518 1926 2372 5736 129 7084 4926 5731 4729 7281 6011 4203 2586
32 2166 6884 5295 854 6200 7387 2095 403 9064 3058 2804 697 4749 8536 4828 1834 4371 6235 754 5840 9624 6303 9006 651 4367 8528 763 7017 8364 9747 3275 8850
30 7612 4583 2538 9191 2079 2293 4980 5060 7683 7312 3601 9815 127 6597 2207 3502 15 3232 5344 5763 8064 1623 9212 2968 3243 4000 5084 7154 1375 9294
14 8557 6150 8784 825 7870 5732 3114 6066 6902 9729 3054 235 4892 1855
21 8024 6924 9691 1002 2291 9972 4636 134 3194 6064 7529 5181 5950 1615 2815 4339 5157 7303 6295 5629 9849
22 3651 4260 8435 4414 1142 3396 2305 4558 9556 326 9858 7684 9732 3626 1906 9384 9211 3838 5666 805 1718 3274
23 3826 4959 699 902 7346 3292 5532 4092 8857 4073 5153 4514 652 9059 9373 2301 3172 8363 8222 5459 3279 6273 8463
20 3148 2838 9851 3891 1251 7117 730 8370 9144 5303 8573 7380 872 788 4631 5922 1285 9967 8276 5953
14 7320 2106 3849 5856 4863 4011 6154 5927 2490 1437 3600 1919 6355 1713
22 6329 5743 1100 1984 4437 4717 7534 4415 5463 1740 7727 9683 5385 6287 8859 4672 8196 6080 944 7349 3043 4040
19 5358 1734 5990 9282 2963 1970 8786 8410 657 4953 5214 9019 3071 8704 2226 4900 2836 5446 8131
11 8055 328 3024 2681 7804 5062 3018 8269 4500 9489 3224
32 3758 4223 2928 9286 4910 950 2074 6128 1955 91 9320 4920 7679 8819 5375 1402 1702 9644 7924 6522 5482 5607 8456 3554 1366 3434 5470 690 9811 9668 8770 7855
34 7512 5746 842 9306 7553 5777 4507 1186 1797 7456 8665 2043 8835 5394 5650 2498 78 5278 6905 5681 2218 6180 9124 3658 5002 6781 1974 291 9898 6250 70 4041 8279 2152
14 5113 6747 8323 1030 3384 6192 5983 9997 9745 2868 9971 5046 2492 9488
31 627 2788 2957 8774 9559 3544 2352 3066 6537 209 6703 1716 6344 5240 7176 8872 5976 2062 83 6389 1525 5088 9413 4812 3399 9664 2469 8202 1579 1277 7539
29 1593 2899 892 2748 5996 6410 5654 1804 6842 6638 35 5662 7762 506 81 5340 3968 7599 1622 2894 3911 5918 1356 4054 662 5435 5264 3218 2658
33 7116 6735 2198 8073 933 1689 7034 7364 428 215 6455 4625 5228 8691 5785 4801 8649 8250 2955 1165 5249 1714 7121 736 4442 5073 2371 9555 7577 3158 4160 3929 8861
25 8586 9544 499 412 4806 2434 8164 4906 4575 7720 5139 5195 1574 6351 6330 7954 3661 664 5749 831 2764 8501 7112 2770 4841
24 4511 6875 3317 9640 9382 498 9751 1346 3802 7209 6615 2375 9222 6179 3799 1523 7148 2997 4280 9848 917 30 8812 3491
7 2006 3329 7428 9459 6441 8893 6339
14 2436 3196 1697 6409 9575 9385 895 6634 6832 3782 3258 8952 5140 8253
12 8699 3572 1635 8104 5480 9609 9711 3836 3860 8098 7283 6434
27 1090 5721 4836 9702 9105 5031 255 4433 2768 2004 9017 7531 4621 6791 570 4543 9791 4859 4488 6867 5591 9749 9525 7053 8124 9069 5592
10 7575 7854 594 7295 8165 8216 5549 329 3349 5423
31 5572 5466 3160 3461 8462 7430 6208 8991 3839 7638 3169 3752 8617 767 2760 5217 6827 4541 7582 1463 9086 5277 5346 5321 1367 3837 534 6992 3484 4925 722
12 7104 7677 9627 3129 3603 9954 5531 3412 3533 9439 762 4996
32 400 245 3989 2566 7451 9485 7323 9071 8412 9944 9100 3466 3904 319 1203 4862 7871 8997 2358 6396 4165 4688 9440 1487 9500 9911 8487 9956 3415 3525 5296 8654
9 5744 3424 6206 7355 589 5979 3749 6933 9172
14 8566 6377 9471 7170 9516 3934 6651 6592 7803 2196 9661 9034 3350 8122
30 315 2711 4084 2881 5089 4137 415 780 5298 7492 9135 9800 2159 2404 9882 9930 836 4004 903 9506 9618 1571 2066 1708 1858 5506 756 9552 5293 2617
29 5510 8426 5425 69 5602 2000 9743 7668 3795 4872 9062 1685 6868 3635 5986 6588 1616 1953 4155 7107 8186 5671 3388 1129 8084 8053 4378 1210 8480
6 3104 1869 5554 7927 1430 2591
18 8792 4624 4720 1910 9202 2497 9738 7792 4035 2077 8772 141 2835 9758 7856 5219 7990 3028
29 9595 6168 2230 1276 5955 2112 6399 1509 5764 2470 5134 9118 6447 9833 5614 7796 9261 1656 6211 5740 9542 5772 5131 5068 5652 4678 1966 4446 3886
18 3459 5500 2642 965 3842 368 9366 8592 8944 2965 8887 6065 5098 7395 8321 5926 6300 8913
10 9087 3976 8892 4088 7102 7787 5409 2605 9410 2660
18 2520 9274 7768 8803 615 8682 832 8187 3958 1550 5193 7778 9276 862 9968 3341 8332 7
16 8979 8548 1778 5597 6655 3161 9099 7100 1881 6074 9591 4726 3322 4961 6490 3985
20 4455 608 6765 3193 6684 4805 2924 5548 6600 9509 2494 3423 6007 1403 4785 6775 8552 3576 8152 9484
38 4200 9401 9813 8309 4848 3375 150 2973 617 6026 989 8529 9769 7246 3646 6413 5700 387 536 546 2906 8334 5155 5621 9607 3810 345 6542 7400 6500 783 9168 8613 7978 9024 8280 5682 8232
16 9495 3910 1208 6006 4289 3967 6938 6869 4238 7767 7904 2689 7844 7437 9396 1136
19 6304 530 6004 9251 7071 5534 139 5590 6140 6071 5589 6725 5037 8467 9606 2993 5273 3014 9005
28 6239 9806 4225 8766 98 3414 5751 8128 3732 7580 8938 5695 6593 8780 8661 2977 584 6668 6646 5561 1836 2707 221 7202 7996 5836 998 8331
14 661 8328 3557 2896 9483 451 3613 7969 5286 7054 9786 5599 3856 2170
19 7224 9030 6804 975 6186 9628 5371 9708 1096 5618 4448 5940 5118 4735 9443 9635 6624 4592 8910
22 8978 6756 1206 2330 1470 7672 928 9110 1786 815 7500 595 3178 7918 673 7251 143 2961 3048 1091 3087 3987
33 8203 2657 8157 3083 3966 4502 168 9538 481 6967 8300 7715 5690 6245 8481 5610 8935 9762 7339 500 3331 8336 7642 2446 2336 8714 9271 289 8070 9970 5149 4861 4908
28 5189 4421 1995 9289 7174 7633 9273 6029 5656 529 7737 1348 924 9871 2478 1286 1125 7879 7155 7592 7591 393 2283 4753 5175 9599 5896 1562
21 4935 6296 1177 4207 7710 1777 2673 3319 9742 9657 4800 1904 2173 2766 8645 5163 9407 9900 2359 558 2620
27 5890 5636 41 3108 210 856 5892 8652 8434 5082 8373 6904 5862 4335 5374 4722 50 5966 6144 3132 6516 148 8389 4554 3518 9522 2615
9 200 1267 7867 1527 476 3848 5942 20 2509
13 277 9602 8832 718 4830 5593 7882 6301 4515 2037 2565 2445 1327
17 5369 3786 1010 4246 2626 3105 4807 3199 6125 8035 2304 2984 959 3592 4770 5877 7972
31 4833 4109 6202 199 6711 1201 6985 102 2551 7344 4884 8768 1748 2122 618 4326 5221 9659 7012 2085 6948 2636 7774 6145 3683 9243 6586 1925 6955 298 7519
18 9316 9255 2690 7934 2751 8992 2186 496 7721 5412 3516 9826 5048 7673 4978 8275 6723 9916
14 1363 1986 6879 3750 6707 2075 581 3312 9189 4079 7368 4755 3883 9931
11 7406 3510 6338 3614 17 6289 8811 8779 8428 1603 7809
5 7546 7446 9252 8108 8596
21 9469 1313 1830 3816 330 5540 8796 300 7558 115 1521 6744 7910 8895 205 4976 6881 401 165 9215 7163
18 3779 9830 5663 5017 3453 1311 106 9620 9950 8182 5914 5984 1814 5401 5257 7038 2953 1022
20 3362 5417 7750 808 5168 9880 6829 6891 9725 3568 9056 5759 705 1812 8174 5316 3959 3505 7758 1191
30 3092 1223 5816 5212 4613 6398 3938 9419 8298 2954 6808 2272 1428 907 121 1709 694 5102 8565 8172 8068 7419 8809 3995 6577 6187 9331 1699 6595 2130
33 2147 9104 1503 9631 8995 1263 9832 5422 1232 4703 3433 8038 2174 9457 4163 4587 9244 6253 4201 8399 1468 6906 2889 8393 3162 9427 8866 3113 8707 107 7667 6087 2659
19 3068 4665 2649 6058 3585 7663 8272 6966 3225 101 7244 2010 8255 5923 5588 6022 8333 1139 8898
33 5771 3073 1518 4658 6645 3181 6930 2842 9889 2057 3722 5123 1130 9237 395 11 8362 8242 7893 6318 3155 9041 2759 9957 5266 1044 2080 49 859 1244 2019 7625 6919
19 4630 128 2783 8464 7092 4372 1355 5766 1250 6784 3793 7613 8478 9007 748 2564 472 635 7700
16 7648 4048 7630 2596 6622 7130 1237 7729 9883 8387 3728 1849 1085 7851 1704 1887
22 3188 3991 8207 9681 1755 7535 1168 5120 947 6272 4440 6422 4125 7552 733 6940 7743 72 6572 3171 4389 7909
13 7975 7255 7226 5477 7085 7662 2288 5492 2908 1938 9465 3589 3971
13 2782 6536 266 7438 1023 1289 5987 5585 3545 3486 5787 5147 3887
14 3821 7876 6003 212 2999 292 7386 6523 2453 3465 3905 7645 8034 9824
4 9543 9927 5891 8308
34 9078 5205 6718 8146 5686 7193 5285 135 8118 6013 2216 7301 3345 8551 2613 6820 202 2190 2052 6094 8344 654 2962 7074 9932 7885 7343 8282 9818 4067 1204 7405 9719 3922
28 5307 8868 4938 4245 2652 4503 4472 2417 1117 5105 7587 3449 8511 1175 8037 4681 5199 359 8356 6109 7124 1483 2195 5774 0 8959 8838 44
31 3541 565 6220 7172 9549 5642 5584 5783 4007 6737 6313 3476 9388 6223 9054 800 3894 6862 3796 2506 5490 2204 6309 7247 1818 1795 4808 3041 980 8949 5894
22 332 2261 3420 3701 6024 7916 5711 4441 5279 6681 3159 3499 3448 3074 1707 7280 4931 8354 8441 1249 4599 7733
26 9869 6474 5712 1496 7732 572 1729 969 531 8058 3798 7276 4300 275 5919 3187 3889 8315 1950 7826 3787 8508 983 1758 6917 2055
24 5025 3411 802 4410 8816 6305 7759 7019 4123 3717 3997 9724 5569 9375 624 2546 6897 8258 1485 261 7076 7979 5742 2038
36 2780 4153 4826 9116 7442 169 2180 9557 9265 1647 3326 5050 5014 2374 2753 2054 7167 4356 8126 8817 5453 9780 8006 6240 6557 1577 1964 5796 5468 597 3452 5119 7035 2998 3134 9876
31 5541 2537 2518 1628 8940 4355 1667 1211 8094 7145 839 515 9232 2197 4674 7797 63 9001 7018 9812 9961 191 2029 2427 3250 6315 5973 5395 9126 8582 5398
28 8382 7557 6984 4615 9450 3124 2706 2852 4031 3082 2290 6886 1098 4232 8218 2678 184 5419 8050 7185 1351 2409 1793 784 441 7044 2326 6890
36 3426 5888 5920 3022 4297 5701 8176 704 3896 4689 5674 3443 8105 278 7260 2179 5552 4299 3980 8360 5026 5761 2137 5781 7157 4640 6528 9739 899 8925 9432 270 431 6212 3115 616
26 3017 3050 1491 5107 2916 3921 2802 2377 5124 5913 8981 5347 1624 1762 5099 7137 2360 8010 7815 8663 5778 2595 9960 4390 4987 8301
31 4080 1233 7666 3885 3542 7211 4966 6809 4485 552 5566 7232 8530 5995 3393 7812 777 9460 8293 7016 4486 6130 4114 4498 2308 2491 7524 6539 6032 9573 4018
27 7249 1994 7602 6550 8795 4875 5830 8761 847 7503 2680 4204 4443 366 7298 2931 3031 9535 9047 4468 9312 4691 955 4242 8327 3128 7731
28 4761 7196 6762 8990 6283 8416 1756 8860 8748 405 1461 7178 369 5639 577 5577 2003 9667 9390 7095 5127 3641 6010 4451 6448 108 8939 8789
17 3381 7962 5729 6962 8347 4889 7583 5448 9302 5053 4146 5142 1426 251 5467 9796 7795
13 1221 533 7572 1500 4405 6825 799 5632 7761 6778 1508 1163 5513
6 8351 2399 9757 8338 3026 4887
25 9744 6293 5437 9002 4213 1937 575 8906 8721 8470 8916 7573 7730 4107 8828 2201 1712 8846 6107 8139 9764 7723 3097 5798 7111
16 3866 3875 5516 2338 6141 66 3669 4147 4652 5770 6375 3561 1016 5864 4187 3824
10 4349 1843 4411 4465 6306 7469 6014 3010 6368 6995
26 8588 7000 3537 5628 1494 4195 5158 7501 5004 9512 3501 889 4322 9701 1382 3235 7063 3059 1736 2767 8948 2847 1701 3184 5788 3569
16 6265 4050 9349 2264 2084 8662 1007 6225 5178 605 6294 1312 2890 2594 1301 7105
28 435 6012 2382 7628 5620 7118 6618 5782 5725 6839 2645 458 7094 5793 7746 1684 9161 5100 2980 8600 4647 5685 911 1585 855 2940 4049 3380
15 8448 4020 8856 6903 9712 3729 3926 4178 2616 7408 2298 9650 2487 9404 1658
23 5757 6922 4482 4493 494 2979 3785 3429 4584 7635 1368 8427 1167 2800 5893 1763 8411 7559 7973 7311 1868 3310 6768
28 9045 655 2056 7434 9537 6739 8368 8575 7150 6319 4944 3645 9630 4388 1389 9077 941 2582 7279 8169 4754 8515 5270 1467 4097 3914 973 5176
9 5090 483 3680 5069 381 2952 1537 1399 3931
33 1200 6942 4657 2235 2167 4990 7874 120 4491 2048 2248 5291 4365 1541 7352 5074 274 806 3670 3521 1895 9098 5337 4391 8295 6941 4684 4752 4180 2858 4759 3712 6507
27 6547 4973 161 3583 5539 8042 3974 1297 716 544 680 9148 3474 2035 5274 9183 5186 2532 9562 1317 4881 8845 3890 8885 7338 4116 9918
14 284 4869 4028 100 4639 7208 9033 9576 1067 2133 7863 8941 8943 7943
19 7236 8285 830 5351 6538 922 1627 9586 9478 3211 9240 2866 4700 1095 1760 1089 8371 2208 1336
26 9696 3632 9735 7692 8116 6213 8909 4089 254 5941 5104 77 7627 4746 3455 9959 2832 2440 8837 5643 764 4275 3902 5935 1153 3698
10 7243 290 5719 4602 8831 6989 1106 9101 1745 2053
22 3200 4250 9947 2639 6356 9134 6216 7342 7808 5021 9963 7274 9230 5247 361 3624 2269 264 8249 5003 1652 8865
23 1240 507 908 1721 8273 6345 8093 7425 5484 1850 3650 5103 7734 6949 53 2369 5033 1347 7951 3522 9792 653 2251
27 3739 6526 4034 3675 6491 5356 1639 3210 6062 3846 4638 8763 9403 4373 8125 4620 3217 6401 5754 6015 2730 6079 5065 1254 9120 1829 3857
20 4228 164 8085 9464 8173 425 5076 7873 5040 1464 890 6374 7935 7967 276 8545 7072 4974 2099 7713
20 1997 9613 2856 5433 6652 7745 7479 9364 2397 6268 7256 9379 9566 6423 8101 4358 7497 576 3801 1545
12 935 8059 6647 5426 5915 1453 9361 4989 6156 1246 1087 7393
19 6069 5668 3605 6648 3270 1349 4705 3122 4244 7698 5160 8928 8214 4045 1741 5391 1985 4588 5616
26 956 119 4782 1102 8379 6719 1864 1004 9641 1294 5323 5473 8007 2882 5481 5992 8039 217 8097 5151 2855 1274 9840 9350 3637 9281
6 8133 8747 761 7994 8155 6544
22 9254 6563 2651 9610 5799 8653 2969 9284 4249 2710 1071 2040 8015 985 6371 9994 2091 1390 2131 1772 4580 7814
29 7554 665 1723 9795 8791 7686 7135 1474 5907 2044 1104 9208 4628 2765 2850 7604 5171 5997 3832 3769 8751 1462 7052 743 6573 5673 9608 3723 797
20 4733 3445 6023 5994 9710 3879 7513 1199 5373 2011 7726 5747 4692 4960 1401 4946 1673 4632 6046 3705
14 6021 7579 5503 6639 2754 9082 9272 1330 1840 6009 9152 8437 7362 5790
8 57 3740 2663 9429 9962 8615 4070 8330
23 6710 6340 8191 942 5366 2556 1963 5824 7866 6824 8745 5320 7898 4419 6108 322 7073 8278 7042 9776 8690 8884 9339
34 7567 172 3666 9511 9065 5241 930 4130 5847 516 9300 7724 3121 2104 8659 8926 5558 3895 2611 2561 5109 6852 3034 2222 5657 5252 1291 7216 9955 6895 954 7597 6322 8594
24 497 4205 3949 8667 2323 2393 2898 5411 4559 1666 2350 6937 7822 829 2396 2943 2865 3256 6310 3126 1454 1195 4269 5753
13 2992 4115 9634 3112 511 9159 8560 9195 9923 2810 388 6462 4471
23 9625 5012 753 3036 2585 3636 348 9836 4024 952 9028 2237 1657 4461 7942 8215 2050 1572 8522 1379 2579 1082 6534
26 2934 6575 3778 9070 3418 2930 7777 1176 3731 3432 7749 7538 6604 3511 45 3142 3118 8381 2911 226 4567 2024 1084 2888 8622 5775
25 7690 2577 2686 9158 2362 1412 3867 5211 5627 2021 4617 9902 7275 9699 5496 9697 5924 5814 5111 5432 1638 7660 9253 6 1020
5 3783 3840 7464 1236 2939
24 656 982 3993 4544 4409 5169 524 9229 698 9933 8844 7461 4505 5594 9767 3019 5469 7540 9248 6990 8923 4823 526 86
15 7444 3955 6347 5826 1103 110 7023 9531 2028 9217 9129 3523 913 4320 2408
9 1873 9179 4065 5679 6378 2684 2646 701 9723
21 6742 3220 6402 1553 9928 6657 342 6120 4776 7080 282 189 8284 8335 3481 6660 8729 8286 1694 8623 807
10 8192 8875 5349 466 7776 5703 5392 5024 5587 7600
17 7277 5187 4957 1319 6184 9365 2638 413 4896 4434 51 7241 6637 8138 9775 5363 7093
10 6771 2245 152 2041 6392 2217 2160 8585 3230 3207
13 1386 7190 6076 1725 1912 7122 628 1059 5752 6676 5334 590 5449
18 3972 7685 1222 1281 4704 8719 3297 103 3878 1631 1126 4427 6612 7977 6364 7215 4042 8147
5 7884 8937 1146 4361 9803
14 4141 9042 1565 3623 1660 6757 1069 9038 4014 1061 8815 4252 6518 900
14 4520 6297 7754 2437 5231 6100 8409 6256 6049 4162 8304 1060 2450 4197
29 3616 3051 8353 8804 6336 6698 9496 4756 1051 6680 6042 2859 7521 5911 7271 5518 5965 6653 4757 4814 1043 6317 4680 1083 4 5876 3500 7617 6872
13 3398 9497 178 2900 23 1442 4660 4019 8369 3780 8488 2032 9770
17 9164 2060 5495 9037 646 9035 7010 1884 2910 2790 6925 9867 4489 5870 3628 6234 8824
21 9314 354 4366 7169 4139 9655 382 7490 9357 2144 7099 243 7659 1678 9856 3282 7841 8230 7310 5811 6514
8 2442 3047 5601 9068 992 4792 3648 4027
26 32 8955 6244 9897 8403 3157 230 6452 4533 151 6928 9324 1486 7670 3011 4576 6183 5550 5831 3998 2728 8541 2421 5697 2169 3069
19 4396 6729 4786 7847 5899 2292 6909 8827 8339 508 3776 3075 5389 7397 5313 4831 7852 5333 7482
25 4291 6119 1215 4099 5238 3790 4331 459 5837 6800 936 9482 9225 5080 7703 9275 4464 4229 3563 1549 5797 8151 6509 8251 7820
16 6438 1557 4585 3057 7203 9948 3482 9912 7278 9844 4654 6713 3992 396 3689 8402
23 378 9617 1676 4532 8988 9809 912 1387 5259 1394 538 3227 2918 9643 7439 7258 6796 2779 73 3941 8305 3324 7937
10 9477 2464 6247 9044 486 3957 8455 8078 9878 3588
10 7494 4986 1381 9519 7892 5204 1400 6124 5179 8120
24 2181 6814 92 4913 6248 2386 3085 8188 2504 6858 514 2634 2025 283 7062 3519 2454 5462 2822 9787 7719 4951 6417 443
7 8071 301 790 8352 4311 5159 1006
13 1465 6969 2771 2781 3493 374 1436 7614 8968 1093 2540 1898 4846
21 2799 8236 4645 8595 3530 137 9784 6116 9239 9730 9553 9293 1648 198 9338 1172 525 4261 8641 1805 2814
26 4914 4555 8445 5557 3469 9299 8755 2213 5092 964 3353 6754 3473 3841 213 2342 1188 631 7959 8166 8141 6358 6779 1495 2550 9567
23 7922 8609 5952 353 8485 8742 833 2599 9479 742 8813 8325 6531 9788 9122 4765 236 3581 2022 7821 7427 8879 2499
28 8194 3117 9761 9481 4866 2640 9684 7515 3127 6078 3222 4899 6975 5675 3372 6386 8288 4152 5327 1026 9032 3571 9936 7705 8083 263 3369 9990
13 5428 8259 3775 990 8945 4270 6178 1476 4456 6488 6716 9444 2528
3 4659 5091 8319
13 2178 7284 8776 5910 6444 3820 8683 1927 5348 746 2610 4047 7001
17 1046 7816 8014 949 8316 2309 2526 2089 4290 173 2398 7790 9447 7177 695 3736 8047
27 376 475 7901 9151 6907 6864 2407 6346 4590 385 5061 2154 6785 6774 3308 7195 7262 6449 6440 7589 681 3854 7029 9210 1147 828 737
7 241 422 5853 1862 4274 1239 4796
10 2981 1644 9288 5208 7920 7296 3339 5835 4420 8726
16 4318 6512 6261 1143 7560 6055 6105 3935 4102 8270 3464 1484 7834 8636 8080 9922
25 6048 2105 9846 9394 8028 9160 8446 122 4060 7488 96 793 5078 3223 3943 4982 1811 2158 3151 4108 1506 9782 9389 6291 2818
27 2927 9209 2385 1511 7162 1710 4699 691 1193 6437 4832 3173 586 6679 1457 6561 207 3153 1358 1270 5505 176 8526 1225 2848 170 4790
28 986 6871 3784 2527 6237 7516 7231 3498 7440 6898 9333 9234 6945 1590 4033 4025 6792 242 860 6860 2725 1952 8372 8443 6931 383 7537 5312
13 1845 8671 9731 4477 9992 7493 4119 8413 2065 4105 7046 512 9868
2 7253 5982
17 8854 4171 1733 9678 7041 886 3946 138 7931 6865 3753 7506 2583 2098 2697 6453 5884
23 6182 660 4709 3901 8407 979 1746 2121 3213 7474 8495 6486 1328 3437 9368 2215 8365 416 7771 1035 9336 6019 3643
21 4854 6971 2919 3524 9896 2558 3271 4449 4136 4323 634 5072 814 6499 4952 5735 3954 7008 5865 8870 7950
14 6101 5287 8243 4256 8263 8103 3952 1922 5867 1014 5233 3928 432 2554
24 5036 1079 4605 6893 1886 1109 1299 7894 7508 8562 244 5844 8793 5739 470 1361 6626 6616 2629 1156 3652 2138 1055 7252
17 8112 2776 1181 9952 5310 9165 1791 1008 3874 897 408 305 130 1025 8914 46 9914
22 3366 7096 9263 8737 377 3986 1914 2473 9162 4100 1816 6553 3674 7238 1112 2647 7869 5311 7300 5494 3711 6152
14 633 1256 5713 5962 3746 3862 8871 6081 6880 6682 8605 1961 13 5571
28 8367 9242 8378 7988 1480 1282 1871 3454 5314 433 9074 7697 2311 7333 8287 1370 5947 5488 1373 2872 7181 6599 4375 3238 8666 535 4577 5944
14 4595 5576 5579 7532 397 2885 7383 6972 1821 5604 8384 1923 8612 9476
4 8306 2502 3965 2337
24 225 9127 9564 2653 1768 7712 8063 9376 4046 7353 357 1767 3979 9435 8851 5365 8056 1905 3612 6482 4904 5817 702 6073
21 6196 7636 5838 8695 6805 2809 7370 3845 9264 8212 6982 1275 4549 6459 1668 9327 6838 2447 5122 6543 2709
22 6222 2648 5260 8148 5023 3241 9026 6953 740 1690 6204 6469 6224 1238 6394 5302 7518 9280 188 8658 1894 5828
19 3435 3102 9156 2270 177 2921 843 3714 8576 826 3912 8049 467 6859 333 7945 5820 2811 835
26 3190 896 2661 7941 4664 2260 1943 5567 6571 4651 5512 7520 9510 7510 7728 5993 7765 5056 2194 7158 8223 7242 6226 3407 5825 4013
29 8642 8555 9475 4607 1595 4819 1431 8312 883 350 2462 3908 3881 5331 9415 503 4151 132 5609 7752 469 1158 4383 197 6981 906 2914 3945 638
13 2696 5043 159 2045 7837 6587 8951 3205 4317 2005 3063 9999 7228
19 6133 4344 9228 8023 5879 320 7164 5956 9363 5872 8400 6047 7598 5397 4719 2317 6666 8561 1190
19 7548 5866 1738 5603 4063 6331 6882 674 4569 1283 6763 2685 5801 3109 26 1131 9760 1216 1823
20 2171 4924 2126 3772 5527 4407 7101 8601 9111 6117 6429 940 2517 460 8999 5664 6585 8532 4308 7766
23 4021 9645 772 97 2439 3625 3328 2205 857 9027 3682 8017 1990 1075 4740 9218 4864 1798 404 858 3106 3252 9569
23 7448 6484 2548 1264 8159 9741 5559 6326 4106 7547 2733 4234 1769 9978 3927 5644 5162 6311 8701 3671 1242 9703 2322
22 6643 9842 4713 8486 1458 6751 578 9441 7872 2023 8544 1727 703 8549 9663 6099 5515 9653 7484 2258 9865 4142
19 9737 252 7415 4224 1875 384 6072 7126 6229 2182 9340 7517 5407 296 9669 3716 1633 9909 1247
26 7477 629 2415 6041 9694 9934 1911 3593 3139 8692 6692 67 5680 1162 1099 7315 4609 6095 471 5044 7039 4578 6445 7307 2618 6063
13 8167 5803 9570 4834 1532 8610 7075 6217 926 1174 9131 5596 479
19 4593 7595 2665 6579 7805 9133 4117 1429 8746 1891 3534 2667 8616 6203 6769 7736 2772 1445 5573
13 921 4006 5081 727 8570 9501 9808 4424 4418 794 4393 7836 5244
24 871 2675 7564 8956 5933 8266 4086 9706 7462 8539 9821 9233 9863 2668 1440 373 2125 8468 9958 8260 1380 6258 2606 234
27 6570 1169 64 1455 7984 6379 3851 2234 5041 8764 8650 8299 279 8281 9295 574 6175 2496 9660 7930 9597 8735 2200 7938 2221 4158 8022
28 1441 7171 2275 7829 8644 6218 1700 2607 987 9000 485 5210 967 8289 2948 4168 4076 2891 1675 9502 6667 4626 7530 7079 131 5873 2677 7496
13 6132 1110 2072 2702 4072 4128 4838 5342 4641 1359 6051 4803 7681
13 8806 1475 9031 8505 9167 6873 6540 3027 6841 7961 5261 4943 7621
24 380 5622 7207 7197 9303 3450 6806 3340 37 3948 8881 5083 4360 3296 2987 2555 4341 2701 8090 5202 7138 7219 5960 5758
20 8190 1942 5792 1790 8883 6850 6391 1960 1450 214 4547 363 6947 5509 3548 9984 5813 6621 5776 3631
16 1968 2406 4858 7903 7267 3323 5421 7326 6292 2109 3352 3195 5882 5117 3303 4417
13 2578 2602 8220 1944 7987 3610 5262 8974 3495 7363 4915 6478 1140
26 3513 4696 3373 8869 6946 1198 3295 2874 7525 7384 8933 1861 693 7620 1554 6372 8985 7160 1739 7317 4462 5322 7069 7751 7390 204
21 9466 105 6161 4068 3877 8960 2129 991 9718 3597 5898 8752 6810 1329 5429 9145 3046 4273 1645 5390 316
30 3364 3203 8257 1220 7794 1271 1692 2206 3421 3377 5929 8961 3182 3813 2584 5258 4262 551 5945 192 2801 9746 2830 4149 4295 5361 7888 8087 4723 3021
10 1422 2107 649 3859 3269 9346 6214 2819 1446 5173
24 6589 461 8984 1309 5070 6181 2959 1907 2700 7551 3700 2837 6617 1596 2403 5414 7780 450 4216 2120 4298 5659 6477 1599
21 775 4227 711 9612 8603 5001 9998 2722 1396 1979 8107 1519 4182 6086 8340 6999 7565 4977 7057 5606 749
5 4744 4857 2346 8722 7460
19 156 6659 8506 2467 2670 537 1629 6854 9682 2500 5786 3497 3552 9893 9147 3265 9454 343 1636
17 1189 4798 444 6915 7843 2547 3496 386 6262 3748 2268 3201 6683 6282 2485 9343 9693
28 7134 8782 5405 8953 8760 126 6908 7755 3070 7570 1065 909 2950 6552 8689 6776 6554 915 7800 8608 4737 4010 966 3520 6266 4545 6569 6096
24 2797 175 6746 3621 9106 9789 3909 7757 4135 5032 8512 6276 8408 7908 2367 5121 4504 3287 6209 5096 6988 3630 5857 7204
16 6172 8694 6677 6197 10 5904 9946 6129 9437 5035 822 5460 1149 6365 8201 8377
9 5116 2543 3751 4942 4430 3154 8181 600 1546
12 1081 4328 5684 6921 7453 8986 140 1398 5458 5931 321 181
18 7555 8510 542 7422 1774 4523 723 8975 968 2433 7378 307 4611 6546 937 5637 3791 4243
12 876 5526 7066 5064 4734 4711 4851 3574 8524 1042 6090 3458
8 553 4113 9623 5451 3673 9321 6883 2430
8 1160 1062 636 938 490 495 7741 3560
22 4724 7048 6121 3765 4426 2805 285 6996 9547 9050 8241 8045 6797 1749 6249 3143 4287 2249 7772 5854 5198 3378
5 6672 7037 7334 249 6517
10 6082 7693 352 6566 4561 6038 7680 6620 8460 9360
28 5087 2972 4206 7998 9838 6367 5191 8296 3053 1988 5220 4878 2713 7418 963 8584 4368 2895 8005 5946 5575 4562 5276 6673 2637 488 9642 3120
8 379 4282 6515 5812 598 5714 1540 1602
17 9505 9975 8033 7542 7407 2479 2630 5908 6565 5052 9665 2752 5085 8627 9777 8066 923
20 7457 599 2220 4939 776 1946 5005 6777 3707 9091 9583 717 9245 440 8677 8756 4284 5688 8057 1300
9 9249 2370 7756 2522 4510 3283 4416 4069 4716
20 8996 4981 7361 2228 9328 6165 7403 8115 1298 3404 9093 7056 9772 6194 8781 6899 9596 1497 948 2134
24 7445 5009 3133 4653 4314 9474 8067 3137 9748 8317 3659 1265 1671 6036 2471 1435 410 5800 8095 2886 160 1641 6278 142
24 5861 118 1589 9720 3146 1584 2042 3077 5704 6833 5529 8136 5396 9894 3438 9966 33 9181 7932 6943 7332 5895 5029 4671
17 6188 7629 2191 6102 5692 6758 7853 1321 5000 3015 5489 3942 3644 2976 9178 9834 9430
14 6476 934 4353 1820 4394 1679 6578 8143 6743 2142 1996 2988 7486 5969
18 5809 8239 8830 6325 1715 929 3805 3996 1124 5128 3427 9013 9358 5203 2608 3480 2203 5225
26 1101 462 2395 9370 1197 2115 1504 6138 1045 6772 9298 1050 3551 1591 7675 5726 4956 7995 9094 4458 8934 6576 9827 2312 6271 5275
11 3622 147 7078 4675 6451 7626 4217 7265 8294 4771 9515
21 9424 3228 1466 4159 9421 880 9828 8450 6629 9862 1444 3764 3306 2588 5822 1080 6037 792 4820 3611 2983
20 6098 4594 7045 1930 724 4821 1012 8833 5166 1229 4573 179 6954 522 7623 4257 3718 5676 2300 757
10 1620 3930 6333 355 678 6591 2656 5964 2922 9097
7 2108 1257 1947 2315 1844 8019 6533
13 2477 4247 2958 1752 2513 3039 9508 2153 1307 1154 2451 4529 3088
23 8631 523 8987 8901 6059 9884 2580 1320 6442 7505 2854 1761 4902 2428 3389 9063 4422 6535 1074 4701 430 4145 8700
24 8062 2525 4775 7381 7793 4992 3007 3446 1965 8673 125 7890 4571 6219 5612 5930 6489 2067 5705 2289 7824 9259 302 2597
12 1779 4293 6067 3584 133 5658 5767 6734 9155 7285 8422 5988
24 8686 9632 7764 2846 4085 6426 5880 8814 1145 2956 2299 2354 5255 257 7970 3302 5560 7144 8417 3189 5362 8106 3994 8423
22 2867 5998 6134 1876 9023 4840 3963 9709 5479 347 1036 2553 6388 6847 5745 787 2113 8398 5150 5536 8001 8265
9 4969 1872 6582 4329 2349 9095 504 6354 7997
16 7143 8072 5256 194 8492 2793 4789 4730 9895 2672 9096 3419 9755 1847 2593 4220
23 2515 4907 8798 2164 2444 8917 3494 9420 9080 4038 4362 609 850 3344 7481 5224 1969 1127 1677 2389 9201 901 5063
10 4528 2302 4466 323 5207 5077 2456 9146 5474 2544
17 9817 7691 3547 4209 9185 8958 3508 2306 6077 6419 6017 958 2262 3485 2820 4556 7410
3 3735 1433 9377
2 5441 8123
19 4895 9268 3314 4111 5486 1424 510 8963 7608 1853 8741 7201 7584 2168 2995 4231 5949 4702 1439
6 5967 6562 7610 6513 9335 7581
20 7569 7609 8031 2364 5851 4572 7838 1608 9016 7225 2878 269 2211 3923 7818 1161 9721 6795 1306 3950
21 5465 1934 7900 7392 8903 6137 9704 6332 186 4809 1296 1477 7470 8668 752 4174 2096 2592 1472 182 3741
10 2412 7421 4551 5683 2936 8567 421 5978 4268 4186
10 1785 7233 4193 8451 4222 5399 5928 6661 2824 5404
10 7915 365 8799 2319 3847 453 1956 9674 1052 2463
10 8075 7830 3757 3710 4096 5016 3828 8076 5975 6348
3 1376 5821 7825
23 4677 3694 8976 543 9785 4694 4874 4487 114 7388 2466 5696 1070 528 2699 2391 4780 1848 9887 1295 5834 7725 4140
25 7234 6885 4642 2901 3436 4121 1551 232 863 5292 256 8709 2102 5546 3598 747 9057 3460 8130 9371 4563 4886 5661 3745 623
12 8820 5301 8534 5694 3691 1918 1999 4512 7541 6483 7549 773
13 9238 8864 1695 1737 6157 5669 8206 6233 4522 5443 1614 8424 770
19 1364 1981 7341 4777 3999 3416 8361 484 1612 887 9348 7982 7299 2295 2365 3309 9587 9529 1284
20 9526 9859 6114 946 4264 2762 2068 7327 1854 5925 2083 1933 6564 5634 1488 4670 4267 2609 224 3781
6 3394 1392 65 3550 7650 5968
19 193 8801 9192 4539 1310 1073 3961 5522 9688 1538 9310 2069 4991 3703 1882 6241 7175 2273 4955
22 1896 4302 3044 2694 5464 3212 5154 4824 5963 6337 801 8041 7835 7571 6788 2193 7487 9773 3335 6433 6113 1003
10 6393 4104 3924 1123 8431 3101 4608 8954 9870 8730
7 8664 9881 5201 2 1980 8693 1555
10 8401 310 7031 4923 360 4606 2529 8392 3402 9771
6 4767 2989 5380 6463 6665 8717
12 1799 5188 6642 3216 3 877 1235 7706 4026 2676 7689 8727
9 8229 5635 7791 4591 2631 5780 9831 8178 6405
